<?xml version="1.0" encoding="UTF-8"?>
<testsuite name="discount.NItemsOfXGetsKItemsYFreeTest" tests="2" skipped="0" failures="0" errors="0" timestamp="2015-02-22T18:14:45" hostname="ali" time="24.728">
  <properties/>
  <testcase name="getAmountToDeduct" classname="discount.NItemsOfXGetsKItemsYFreeTest" time="24.726"/>
  <testcase name="testIsValidForDiscount" classname="discount.NItemsOfXGetsKItemsYFreeTest" time="0.001"/>
  <system-out><![CDATA[]]></system-out>
  <system-err><![CDATA[]]></system-err>
</testsuite>
